<?xml version="1.0" encoding="UTF-8"?>
<!-- Generated by org.testng.reporters.JUnitReportReporter -->
<testsuite hostname="DESKTOP-8VKGF20" failures="0" tests="2" name="zfinalmaven.APITest" time="0.008" errors="0" timestamp="2021-07-23T13:56:14 IST" skipped="0">
  <testcase classname="zfinalmaven.APITest" name="azure" time="0.007"/>
  <system-out/>
  <testcase classname="zfinalmaven.APITest" name="azure01" time="0.001"/>
  <system-out/>
</testsuite> <!-- zfinalmaven.APITest -->
