<?xml version="1.0" encoding="UTF-8"?>
<!-- Generated by org.testng.reporters.JUnitReportReporter -->
<testsuite hostname="DESKTOP-8VKGF20" failures="0" tests="2" name="zfinalmaven.AppiumTest" time="0.002" errors="0" timestamp="2021-07-23T13:56:14 IST" skipped="0">
  <testcase classname="zfinalmaven.AppiumTest" name="azure11" time="0.001"/>
  <system-out/>
  <testcase classname="zfinalmaven.AppiumTest" name="azure1" time="0.001"/>
  <system-out/>
</testsuite> <!-- zfinalmaven.AppiumTest -->
