<?xml version="1.0" encoding="UTF-8"?>
<!-- Generated by org.testng.reporters.JUnitReportReporter -->
<testsuite hostname="DESKTOP-8VKGF20" failures="0" tests="2" name="zfinalmaven.SeleniumTest" time="0.001" errors="0" timestamp="2021-07-23T13:53:31 IST" skipped="0">
  <testcase classname="zfinalmaven.SeleniumTest" name="azure3" time="0.000"/>
  <system-out/>
  <testcase classname="zfinalmaven.SeleniumTest" name="azure31" time="0.001"/>
  <system-out/>
</testsuite> <!-- zfinalmaven.SeleniumTest -->
